<?xml version="1.0" encoding="UTF-8"?>
<!-- Generated by org.testng.reporters.JUnitReportReporter -->
<testsuite skipped="0" hostname="DESKTOP-S6JBVRO" name="com.testng.practice.TestAnnotation" tests="1" failures="0" timestamp="14 Jun 2020 17:47:56 GMT" time="0.006" errors="0">
  <testcase name="Login" time="0.006" classname="com.testng.practice.TestAnnotation"/>
</testsuite> <!-- com.testng.practice.TestAnnotation -->
