<?xml version="1.0" encoding="UTF-8"?>
<!-- Generated by org.testng.reporters.JUnitReportReporter -->
<testsuite skipped="0" hostname="DESKTOP-S6JBVRO" name="com.testng.practice.BasicAnnotationWithAutomation" tests="3" failures="0" timestamp="16 Jun 2020 16:01:46 GMT" time="13.027" errors="0">
  <testcase name="test3" time="3.632" classname="com.testng.practice.BasicAnnotationWithAutomation"/>
  <testcase name="test1" time="4.066" classname="com.testng.practice.BasicAnnotationWithAutomation"/>
  <testcase name="test2" time="5.329" classname="com.testng.practice.BasicAnnotationWithAutomation"/>
</testsuite> <!-- com.testng.practice.BasicAnnotationWithAutomation -->
