<?xml version="1.0" encoding="UTF-8"?>
<!-- Generated by org.testng.reporters.JUnitReportReporter -->
<testsuite skipped="0" hostname="DESKTOP-S6JBVRO" name="com.testng.practice.BasicAnnotation" tests="4" failures="0" timestamp="15 Jun 2020 06:28:25 GMT" time="0.011" errors="0">
  <testcase name="getmoney" time="0.002" classname="com.testng.practice.BasicAnnotation"/>
  <testcase name="getsalary" time="0.001" classname="com.testng.practice.BasicAnnotation"/>
  <testcase name="dress" time="0.005" classname="com.testng.practice.BasicAnnotation"/>
  <testcase name="payment" time="0.003" classname="com.testng.practice.BasicAnnotation"/>
</testsuite> <!-- com.testng.practice.BasicAnnotation -->
