<?xml version="1.0" encoding="UTF-8"?>
<!-- Generated by org.testng.reporters.JUnitReportReporter -->
<testsuite skipped="0" hostname="DESKTOP-S6JBVRO" name="com.testng.practice.AllBasicAnnotation" tests="2" failures="0" timestamp="15 Jun 2020 05:06:15 GMT" time="0.004" errors="0">
  <testcase name="paymant" time="0.001" classname="com.testng.practice.AllBasicAnnotation"/>
  <testcase name="dress" time="0.003" classname="com.testng.practice.AllBasicAnnotation"/>
</testsuite> <!-- com.testng.practice.AllBasicAnnotation -->
