<?xml version="1.0" encoding="UTF-8"?>
<!-- Generated by org.testng.reporters.JUnitReportReporter -->
<testsuite skipped="0" hostname="DESKTOP-S6JBVRO" name="com.testng.practice.BasicAnnotationWithZoopla" tests="1" failures="0" timestamp="2020-06-16T02:38:19 EDT" time="0.005" errors="0">
  <testcase name="login" time="0.005" classname="com.testng.practice.BasicAnnotationWithZoopla"/>
  <system-out/>
</testsuite> <!-- com.testng.practice.BasicAnnotationWithZoopla -->
