<?xml version="1.0" encoding="UTF-8"?>
<!-- Generated by org.testng.reporters.JUnitReportReporter -->
<testsuite skipped="0" hostname="DESKTOP-S6JBVRO" name="com.runner.ZooplaRunner" tests="1" failures="0" timestamp="2020-08-03T17:25:22 EDT" time="23.204" errors="0">
  <testcase name="runScenario" time="23.204" classname="com.runner.ZooplaRunner"/>
  <system-out/>
</testsuite> <!-- com.runner.ZooplaRunner -->
